Python path configuration:
  PYTHONHOME = (not set)
  PYTHONPATH = (not set)
  program name = '/storage2/miniconda3/envs/.venv/bin/python'
  isolated = 0
  environment = 1
  user site = 1
  import site = 1
  sys._base_executable = '/storage2/miniconda3/envs/.venv/bin/python'
  sys.base_prefix = '/storage2/miniconda3/envs/.venv'
  sys.base_exec_prefix = '/storage2/miniconda3/envs/.venv'
  sys.platlibdir = 'lib'
  sys.executable = '/storage2/miniconda3/envs/.venv/bin/python'
  sys.prefix = '/storage2/miniconda3/envs/.venv'
  sys.exec_prefix = '/storage2/miniconda3/envs/.venv'
  sys.path = [
    '/storage2/miniconda3/envs/.venv/lib/python39.zip',
    '/storage2/miniconda3/envs/.venv/lib/python3.9',
    '/storage2/miniconda3/envs/.venv/lib/python3.9/lib-dynload',
  ]
Fatal Python error: init_fs_encoding: failed to get the Python codec of the filesystem encoding
Python runtime state: core initialized
LookupError: no codec search functions registered: can't find encoding

Current thread 0x000014589be184c0 (most recent call first):
<no Python frame>
